This file contains any messages produced by compilers while
running configure, to aid debugging if configure makes a mistake.

It was created by RNGSTREAMS configure 1.0.1, which was
generated by GNU Autoconf 2.63.  Invocation command line was

  $ ./configure 

## --------- ##
## Platform. ##
## --------- ##

hostname = marcle-VirtualBox
uname -m = x86_64
uname -r = 3.0.0-23-generic
uname -s = Linux
uname -v = #39-Ubuntu SMP Thu Jul 19 19:19:11 UTC 2012

/usr/bin/uname -p = unknown
/bin/uname -X     = unknown

/bin/arch              = unknown
/usr/bin/arch -k       = unknown
/usr/convex/getsysinfo = unknown
/usr/bin/hostinfo      = unknown
/bin/machine           = unknown
/usr/bin/oslevel       = unknown
/bin/universe          = unknown

PATH: /home/marcle/bin
PATH: /usr/lib/lightdm/lightdm
PATH: /usr/local/sbin
PATH: /usr/local/bin
PATH: /usr/sbin
PATH: /usr/bin
PATH: /sbin
PATH: /bin
PATH: /usr/games
PATH: /home/marcle/bin
PATH: /home/marcle/bin


## ----------- ##
## Core tests. ##
## ----------- ##

configure:2089: checking for a BSD-compatible install
configure:2157: result: /usr/bin/install -c
configure:2168: checking whether build environment is sane
configure:2211: result: yes
configure:2236: checking for a thread-safe mkdir -p
configure:2275: result: /bin/mkdir -p
configure:2288: checking for gawk
configure:2318: result: no
configure:2288: checking for mawk
configure:2304: found /usr/bin/mawk
configure:2315: result: mawk
configure:2326: checking whether make sets $(MAKE)
configure:2348: result: yes
configure:2540: checking if malloc debugging is wanted
configure:2560: result: no
configure:2566: checking whether make sets $(MAKE)
configure:2588: result: yes
configure:2604: checking build system type
configure:2622: result: x86_64-unknown-linux-gnu
configure:2644: checking host system type
configure:2659: result: x86_64-unknown-linux-gnu
configure:2730: checking for gcc
configure:2746: found /usr/bin/gcc
configure:2757: result: gcc
configure:2989: checking for C compiler version
configure:2997: gcc --version >&5
gcc (Ubuntu/Linaro 4.6.1-9ubuntu3) 4.6.1
Copyright (C) 2011 Free Software Foundation, Inc.
This is free software; see the source for copying conditions.  There is NO
warranty; not even for MERCHANTABILITY or FITNESS FOR A PARTICULAR PURPOSE.

configure:3001: $? = 0
configure:3008: gcc -v >&5
Using built-in specs.
COLLECT_GCC=gcc
COLLECT_LTO_WRAPPER=/usr/lib/gcc/x86_64-linux-gnu/4.6.1/lto-wrapper
Target: x86_64-linux-gnu
Configured with: ../src/configure -v --with-pkgversion='Ubuntu/Linaro 4.6.1-9ubuntu3' --with-bugurl=file:///usr/share/doc/gcc-4.6/README.Bugs --enable-languages=c,c++,fortran,objc,obj-c++,go --prefix=/usr --program-suffix=-4.6 --enable-shared --enable-linker-build-id --with-system-zlib --libexecdir=/usr/lib --without-included-gettext --enable-threads=posix --with-gxx-include-dir=/usr/include/c++/4.6 --libdir=/usr/lib --enable-nls --with-sysroot=/ --enable-clocale=gnu --enable-libstdcxx-debug --enable-libstdcxx-time=yes --enable-plugin --enable-objc-gc --disable-werror --with-arch-32=i686 --with-tune=generic --enable-checking=release --build=x86_64-linux-gnu --host=x86_64-linux-gnu --target=x86_64-linux-gnu
Thread model: posix
gcc version 4.6.1 (Ubuntu/Linaro 4.6.1-9ubuntu3) 
configure:3012: $? = 0
configure:3019: gcc -V >&5
gcc: error: unrecognized option '-V'
gcc: fatal error: no input files
compilation terminated.
configure:3023: $? = 4
configure:3046: checking for C compiler default output file name
configure:3068: gcc    conftest.c  >&5
configure:3072: $? = 0
configure:3110: result: a.out
configure:3129: checking whether the C compiler works
configure:3139: ./a.out
configure:3143: $? = 0
configure:3162: result: yes
configure:3169: checking whether we are cross compiling
configure:3171: result: no
configure:3174: checking for suffix of executables
configure:3181: gcc -o conftest    conftest.c  >&5
configure:3185: $? = 0
configure:3211: result: 
configure:3217: checking for suffix of object files
configure:3243: gcc -c   conftest.c >&5
configure:3247: $? = 0
configure:3272: result: o
configure:3276: checking whether we are using the GNU C compiler
configure:3305: gcc -c   conftest.c >&5
configure:3312: $? = 0
configure:3329: result: yes
configure:3338: checking whether gcc accepts -g
configure:3368: gcc -c -g  conftest.c >&5
configure:3375: $? = 0
configure:3476: result: yes
configure:3493: checking for gcc option to accept ISO C89
configure:3567: gcc  -c -g -O2  conftest.c >&5
configure:3574: $? = 0
configure:3597: result: none needed
configure:3626: checking for style of include used by make
configure:3654: result: GNU
configure:3679: checking dependency style of gcc
configure:3770: result: gcc3
configure:3790: checking how to run the C preprocessor
configure:3830: gcc -E  conftest.c
configure:3837: $? = 0
configure:3868: gcc -E  conftest.c
conftest.c:10:28: fatal error: ac_nonexistent.h: No such file or directory
compilation terminated.
configure:3875: $? = 1
configure: failed program was:
| /* confdefs.h.  */
| #define PACKAGE_NAME "RNGSTREAMS"
| #define PACKAGE_TARNAME "rngstreams"
| #define PACKAGE_VERSION "1.0.1"
| #define PACKAGE_STRING "RNGSTREAMS 1.0.1"
| #define PACKAGE_BUGREPORT "unuran@statistik.wu-wien.ac.at"
| #define PACKAGE "rngstreams"
| #define VERSION "1.0.1"
| /* end confdefs.h.  */
| #include <ac_nonexistent.h>
configure:3908: result: gcc -E
configure:3937: gcc -E  conftest.c
configure:3944: $? = 0
configure:3975: gcc -E  conftest.c
conftest.c:10:28: fatal error: ac_nonexistent.h: No such file or directory
compilation terminated.
configure:3982: $? = 1
configure: failed program was:
| /* confdefs.h.  */
| #define PACKAGE_NAME "RNGSTREAMS"
| #define PACKAGE_TARNAME "rngstreams"
| #define PACKAGE_VERSION "1.0.1"
| #define PACKAGE_STRING "RNGSTREAMS 1.0.1"
| #define PACKAGE_BUGREPORT "unuran@statistik.wu-wien.ac.at"
| #define PACKAGE "rngstreams"
| #define VERSION "1.0.1"
| /* end confdefs.h.  */
| #include <ac_nonexistent.h>
configure:4035: checking for a BSD-compatible install
configure:4103: result: /usr/bin/install -c
configure:4114: checking whether ln -s works
configure:4118: result: yes
configure:4168: checking for ar
configure:4184: found /usr/bin/ar
configure:4195: result: ar
configure:4261: checking for ranlib
configure:4277: found /usr/bin/ranlib
configure:4288: result: ranlib
configure:4383: checking for a sed that does not truncate output
configure:4439: result: /bin/sed
configure:4442: checking for grep that handles long lines and -e
configure:4502: result: /bin/grep
configure:4507: checking for egrep
configure:4571: result: /bin/grep -E
configure:4587: checking for ld used by gcc
configure:4654: result: /usr/bin/ld
configure:4663: checking if the linker (/usr/bin/ld) is GNU ld
configure:4678: result: yes
configure:4683: checking for /usr/bin/ld option to reload object files
configure:4690: result: -r
configure:4708: checking for BSD-compatible nm
configure:4757: result: /usr/bin/nm -B
configure:4761: checking how to recognize dependent libraries
configure:4947: result: pass_all
configure:5036: gcc -c -g -O2  conftest.c >&5
configure:5039: $? = 0
configure:5192: checking for ANSI C header files
configure:5222: gcc -c -g -O2  conftest.c >&5
configure:5229: $? = 0
configure:5328: gcc -o conftest -g -O2   conftest.c  >&5
configure:5332: $? = 0
configure:5338: ./conftest
configure:5342: $? = 0
configure:5360: result: yes
configure:5384: checking for sys/types.h
configure:5405: gcc -c -g -O2  conftest.c >&5
configure:5412: $? = 0
configure:5429: result: yes
configure:5384: checking for sys/stat.h
configure:5405: gcc -c -g -O2  conftest.c >&5
configure:5412: $? = 0
configure:5429: result: yes
configure:5384: checking for stdlib.h
configure:5405: gcc -c -g -O2  conftest.c >&5
configure:5412: $? = 0
configure:5429: result: yes
configure:5384: checking for string.h
configure:5405: gcc -c -g -O2  conftest.c >&5
configure:5412: $? = 0
configure:5429: result: yes
configure:5384: checking for memory.h
configure:5405: gcc -c -g -O2  conftest.c >&5
configure:5412: $? = 0
configure:5429: result: yes
configure:5384: checking for strings.h
configure:5405: gcc -c -g -O2  conftest.c >&5
configure:5412: $? = 0
configure:5429: result: yes
configure:5384: checking for inttypes.h
configure:5405: gcc -c -g -O2  conftest.c >&5
configure:5412: $? = 0
configure:5429: result: yes
configure:5384: checking for stdint.h
configure:5405: gcc -c -g -O2  conftest.c >&5
configure:5412: $? = 0
configure:5429: result: yes
configure:5384: checking for unistd.h
configure:5405: gcc -c -g -O2  conftest.c >&5
configure:5412: $? = 0
configure:5429: result: yes
configure:5459: checking dlfcn.h usability
configure:5476: gcc -c -g -O2  conftest.c >&5
configure:5483: $? = 0
configure:5497: result: yes
configure:5501: checking dlfcn.h presence
configure:5516: gcc -E  conftest.c
configure:5523: $? = 0
configure:5537: result: yes
configure:5570: checking for dlfcn.h
configure:5579: result: yes
configure:5652: checking for g++
configure:5668: found /usr/bin/g++
configure:5679: result: g++
configure:5706: checking for C++ compiler version
configure:5714: g++ --version >&5
g++ (Ubuntu/Linaro 4.6.1-9ubuntu3) 4.6.1
Copyright (C) 2011 Free Software Foundation, Inc.
This is free software; see the source for copying conditions.  There is NO
warranty; not even for MERCHANTABILITY or FITNESS FOR A PARTICULAR PURPOSE.

configure:5718: $? = 0
configure:5725: g++ -v >&5
Using built-in specs.
COLLECT_GCC=g++
COLLECT_LTO_WRAPPER=/usr/lib/gcc/x86_64-linux-gnu/4.6.1/lto-wrapper
Target: x86_64-linux-gnu
Configured with: ../src/configure -v --with-pkgversion='Ubuntu/Linaro 4.6.1-9ubuntu3' --with-bugurl=file:///usr/share/doc/gcc-4.6/README.Bugs --enable-languages=c,c++,fortran,objc,obj-c++,go --prefix=/usr --program-suffix=-4.6 --enable-shared --enable-linker-build-id --with-system-zlib --libexecdir=/usr/lib --without-included-gettext --enable-threads=posix --with-gxx-include-dir=/usr/include/c++/4.6 --libdir=/usr/lib --enable-nls --with-sysroot=/ --enable-clocale=gnu --enable-libstdcxx-debug --enable-libstdcxx-time=yes --enable-plugin --enable-objc-gc --disable-werror --with-arch-32=i686 --with-tune=generic --enable-checking=release --build=x86_64-linux-gnu --host=x86_64-linux-gnu --target=x86_64-linux-gnu
Thread model: posix
gcc version 4.6.1 (Ubuntu/Linaro 4.6.1-9ubuntu3) 
configure:5729: $? = 0
configure:5736: g++ -V >&5
g++: error: unrecognized option '-V'
g++: fatal error: no input files
compilation terminated.
configure:5740: $? = 4
configure:5743: checking whether we are using the GNU C++ compiler
configure:5772: g++ -c   conftest.cpp >&5
configure:5779: $? = 0
configure:5796: result: yes
configure:5805: checking whether g++ accepts -g
configure:5835: g++ -c -g  conftest.cpp >&5
configure:5842: $? = 0
configure:5943: result: yes
configure:5968: checking dependency style of g++
configure:6059: result: gcc3
configure:6084: checking how to run the C++ preprocessor
configure:6120: g++ -E  conftest.cpp
configure:6127: $? = 0
configure:6158: g++ -E  conftest.cpp
conftest.cpp:21:28: fatal error: ac_nonexistent.h: No such file or directory
compilation terminated.
configure:6165: $? = 1
configure: failed program was:
| /* confdefs.h.  */
| #define PACKAGE_NAME "RNGSTREAMS"
| #define PACKAGE_TARNAME "rngstreams"
| #define PACKAGE_VERSION "1.0.1"
| #define PACKAGE_STRING "RNGSTREAMS 1.0.1"
| #define PACKAGE_BUGREPORT "unuran@statistik.wu-wien.ac.at"
| #define PACKAGE "rngstreams"
| #define VERSION "1.0.1"
| #define STDC_HEADERS 1
| #define HAVE_SYS_TYPES_H 1
| #define HAVE_SYS_STAT_H 1
| #define HAVE_STDLIB_H 1
| #define HAVE_STRING_H 1
| #define HAVE_MEMORY_H 1
| #define HAVE_STRINGS_H 1
| #define HAVE_INTTYPES_H 1
| #define HAVE_STDINT_H 1
| #define HAVE_UNISTD_H 1
| #define HAVE_DLFCN_H 1
| /* end confdefs.h.  */
| #include <ac_nonexistent.h>
configure:6198: result: g++ -E
configure:6227: g++ -E  conftest.cpp
configure:6234: $? = 0
configure:6265: g++ -E  conftest.cpp
conftest.cpp:21:28: fatal error: ac_nonexistent.h: No such file or directory
compilation terminated.
configure:6272: $? = 1
configure: failed program was:
| /* confdefs.h.  */
| #define PACKAGE_NAME "RNGSTREAMS"
| #define PACKAGE_TARNAME "rngstreams"
| #define PACKAGE_VERSION "1.0.1"
| #define PACKAGE_STRING "RNGSTREAMS 1.0.1"
| #define PACKAGE_BUGREPORT "unuran@statistik.wu-wien.ac.at"
| #define PACKAGE "rngstreams"
| #define VERSION "1.0.1"
| #define STDC_HEADERS 1
| #define HAVE_SYS_TYPES_H 1
| #define HAVE_SYS_STAT_H 1
| #define HAVE_STDLIB_H 1
| #define HAVE_STRING_H 1
| #define HAVE_MEMORY_H 1
| #define HAVE_STRINGS_H 1
| #define HAVE_INTTYPES_H 1
| #define HAVE_STDINT_H 1
| #define HAVE_UNISTD_H 1
| #define HAVE_DLFCN_H 1
| /* end confdefs.h.  */
| #include <ac_nonexistent.h>
configure:6367: checking for g77
configure:6397: result: no
configure:6367: checking for xlf
configure:6397: result: no
configure:6367: checking for f77
configure:6397: result: no
configure:6367: checking for frt
configure:6397: result: no
configure:6367: checking for pgf77
configure:6397: result: no
configure:6367: checking for cf77
configure:6397: result: no
configure:6367: checking for fort77
configure:6397: result: no
configure:6367: checking for fl32
configure:6397: result: no
configure:6367: checking for af77
configure:6397: result: no
configure:6367: checking for xlf90
configure:6397: result: no
configure:6367: checking for f90
configure:6397: result: no
configure:6367: checking for pgf90
configure:6397: result: no
configure:6367: checking for pghpf
configure:6397: result: no
configure:6367: checking for epcf90
configure:6397: result: no
configure:6367: checking for gfortran
configure:6383: found /usr/bin/gfortran
configure:6394: result: gfortran
configure:6420: checking for Fortran 77 compiler version
configure:6428: gfortran --version >&5
GNU Fortran (Ubuntu/Linaro 4.6.1-9ubuntu3) 4.6.1
Copyright (C) 2011 Free Software Foundation, Inc.

GNU Fortran comes with NO WARRANTY, to the extent permitted by law.
You may redistribute copies of GNU Fortran
under the terms of the GNU General Public License.
For more information about these matters, see the file named COPYING

configure:6432: $? = 0
configure:6439: gfortran -v >&5
Using built-in specs.
COLLECT_GCC=gfortran
COLLECT_LTO_WRAPPER=/usr/lib/gcc/x86_64-linux-gnu/4.6.1/lto-wrapper
Target: x86_64-linux-gnu
Configured with: ../src/configure -v --with-pkgversion='Ubuntu/Linaro 4.6.1-9ubuntu3' --with-bugurl=file:///usr/share/doc/gcc-4.6/README.Bugs --enable-languages=c,c++,fortran,objc,obj-c++,go --prefix=/usr --program-suffix=-4.6 --enable-shared --enable-linker-build-id --with-system-zlib --libexecdir=/usr/lib --without-included-gettext --enable-threads=posix --with-gxx-include-dir=/usr/include/c++/4.6 --libdir=/usr/lib --enable-nls --with-sysroot=/ --enable-clocale=gnu --enable-libstdcxx-debug --enable-libstdcxx-time=yes --enable-plugin --enable-objc-gc --disable-werror --with-arch-32=i686 --with-tune=generic --enable-checking=release --build=x86_64-linux-gnu --host=x86_64-linux-gnu --target=x86_64-linux-gnu
Thread model: posix
gcc version 4.6.1 (Ubuntu/Linaro 4.6.1-9ubuntu3) 
configure:6443: $? = 0
configure:6450: gfortran -V >&5
gfortran: error: unrecognized option '-V'
gfortran: fatal error: no input files
compilation terminated.
configure:6454: $? = 4
configure:6462: checking whether we are using the GNU Fortran 77 compiler
configure:6481: gfortran -c  conftest.F >&5
configure:6488: $? = 0
configure:6505: result: yes
configure:6511: checking whether gfortran accepts -g
configure:6528: gfortran -c -g conftest.f >&5
configure:6535: $? = 0
configure:6551: result: yes
configure:6584: checking the maximum length of command line arguments
configure:6696: result: 1635000
configure:6708: checking command to parse /usr/bin/nm -B output from gcc object
configure:6813: gcc -c -g -O2  conftest.c >&5
configure:6816: $? = 0
configure:6820: /usr/bin/nm -B conftest.o \| sed -n -e 's/^.*[ 	]\([ABCDGIRSTW][ABCDGIRSTW]*\)[ 	][ 	]*\([_A-Za-z][_A-Za-z0-9]*\)$/\1 \2 \2/p' \> conftest.nm
configure:6823: $? = 0
configure:6875: gcc -o conftest -g -O2   conftest.c conftstm.o >&5
configure:6878: $? = 0
configure:6916: result: ok
configure:6920: checking for objdir
configure:6935: result: .libs
configure:7027: checking for ar
configure:7054: result: ar
configure:7119: checking for ranlib
configure:7146: result: ranlib
configure:7211: checking for strip
configure:7227: found /usr/bin/strip
configure:7238: result: strip
configure:7779: checking for correct ltmain.sh version
configure:7829: result: yes
configure:7889: checking if gcc supports -fno-rtti -fno-exceptions
configure:7907: gcc -c -g -O2  -fno-rtti -fno-exceptions conftest.c >&5
cc1: warning: command line option '-fno-rtti' is valid for C++/ObjC++ but not for C [enabled by default]
configure:7911: $? = 0
configure:7924: result: no
configure:7939: checking for gcc option to produce PIC
configure:8171: result: -fPIC
configure:8179: checking if gcc PIC flag -fPIC works
configure:8197: gcc -c -g -O2  -fPIC -DPIC conftest.c >&5
configure:8201: $? = 0
configure:8214: result: yes
configure:8242: checking if gcc static flag -static works
configure:8270: result: yes
configure:8280: checking if gcc supports -c -o file.o
configure:8301: gcc -c -g -O2  -o out/conftest2.o conftest.c >&5
configure:8305: $? = 0
configure:8327: result: yes
configure:8353: checking whether the gcc linker (/usr/bin/ld -m elf_x86_64) supports shared libraries
configure:9341: result: yes
configure:9408: checking dynamic linker characteristics
configure:10023: result: GNU/Linux ld.so
configure:10047: checking how to hardcode library paths into programs
configure:10072: result: immediate
configure:10086: checking whether stripping libraries is possible
configure:10091: result: yes
configure:10921: checking if libtool supports shared libraries
configure:10923: result: yes
configure:10926: checking whether to build shared libraries
configure:10947: result: no
configure:10950: checking whether to build static libraries
configure:10954: result: yes
configure:11048: creating libtool
configure:11641: checking for ld used by g++
configure:11708: result: /usr/bin/ld -m elf_x86_64
configure:11717: checking if the linker (/usr/bin/ld -m elf_x86_64) is GNU ld
configure:11732: result: yes
configure:11783: checking whether the g++ linker (/usr/bin/ld -m elf_x86_64) supports shared libraries
configure:12737: result: yes
configure:12754: g++ -c -g -O2  conftest.cpp >&5
configure:12757: $? = 0
configure:12913: checking for g++ option to produce PIC
configure:13197: result: -fPIC
configure:13205: checking if g++ PIC flag -fPIC works
configure:13223: g++ -c -g -O2  -fPIC -DPIC conftest.cpp >&5
configure:13227: $? = 0
configure:13240: result: yes
configure:13268: checking if g++ static flag -static works
configure:13296: result: yes
configure:13306: checking if g++ supports -c -o file.o
configure:13327: g++ -c -g -O2  -o out/conftest2.o conftest.cpp >&5
configure:13331: $? = 0
configure:13353: result: yes
configure:13379: checking whether the g++ linker (/usr/bin/ld -m elf_x86_64) supports shared libraries
configure:13405: result: yes
configure:13472: checking dynamic linker characteristics
configure:14035: result: GNU/Linux ld.so
configure:14059: checking how to hardcode library paths into programs
configure:14084: result: immediate
configure:14623: checking if libtool supports shared libraries
configure:14625: result: yes
configure:14628: checking whether to build shared libraries
configure:14648: result: no
configure:14651: checking whether to build static libraries
configure:14655: result: yes
configure:14665: checking for gfortran option to produce PIC
configure:14897: result: -fPIC
configure:14905: checking if gfortran PIC flag -fPIC works
configure:14923: gfortran -c -g -O2 -fPIC conftest.f >&5
configure:14927: $? = 0
configure:14940: result: yes
configure:14968: checking if gfortran static flag -static works
configure:14996: result: yes
configure:15006: checking if gfortran supports -c -o file.o
configure:15027: gfortran -c -g -O2 -o out/conftest2.o conftest.f >&5
configure:15031: $? = 0
configure:15053: result: yes
configure:15079: checking whether the gfortran linker (/usr/bin/ld -m elf_x86_64) supports shared libraries
configure:16047: result: yes
configure:16114: checking dynamic linker characteristics
configure:16677: result: GNU/Linux ld.so
configure:16701: checking how to hardcode library paths into programs
configure:16726: result: immediate
configure:20349: checking for ANSI C header files
configure:20517: result: yes
configure:20545: checking limits.h usability
configure:20562: gcc -c -g -O2  conftest.c >&5
configure:20569: $? = 0
configure:20583: result: yes
configure:20587: checking limits.h presence
configure:20602: gcc -E  conftest.c
configure:20609: $? = 0
configure:20623: result: yes
configure:20656: checking for limits.h
configure:20665: result: yes
configure:20545: checking malloc.h usability
configure:20562: gcc -c -g -O2  conftest.c >&5
configure:20569: $? = 0
configure:20583: result: yes
configure:20587: checking malloc.h presence
configure:20602: gcc -E  conftest.c
configure:20609: $? = 0
configure:20623: result: yes
configure:20656: checking for malloc.h
configure:20665: result: yes
configure:20545: checking sys/time.h usability
configure:20562: gcc -c -g -O2  conftest.c >&5
configure:20569: $? = 0
configure:20583: result: yes
configure:20587: checking sys/time.h presence
configure:20602: gcc -E  conftest.c
configure:20609: $? = 0
configure:20623: result: yes
configure:20656: checking for sys/time.h
configure:20665: result: yes
configure:20681: checking for an ANSI C-conforming const
configure:20756: gcc -c -g -O2  conftest.c >&5
configure:20763: $? = 0
configure:20778: result: yes
configure:20788: checking for size_t
configure:20816: gcc -c -g -O2  conftest.c >&5
configure:20823: $? = 0
configure:20850: gcc -c -g -O2  conftest.c >&5
conftest.c: In function 'main':
conftest.c:61:21: error: expected expression before ')' token
configure:20857: $? = 1
configure: failed program was:
| /* confdefs.h.  */
| #define PACKAGE_NAME "RNGSTREAMS"
| #define PACKAGE_TARNAME "rngstreams"
| #define PACKAGE_VERSION "1.0.1"
| #define PACKAGE_STRING "RNGSTREAMS 1.0.1"
| #define PACKAGE_BUGREPORT "unuran@statistik.wu-wien.ac.at"
| #define PACKAGE "rngstreams"
| #define VERSION "1.0.1"
| #define STDC_HEADERS 1
| #define HAVE_SYS_TYPES_H 1
| #define HAVE_SYS_STAT_H 1
| #define HAVE_STDLIB_H 1
| #define HAVE_STRING_H 1
| #define HAVE_MEMORY_H 1
| #define HAVE_STRINGS_H 1
| #define HAVE_INTTYPES_H 1
| #define HAVE_STDINT_H 1
| #define HAVE_UNISTD_H 1
| #define HAVE_DLFCN_H 1
| #define STDC_HEADERS 1
| #define HAVE_LIMITS_H 1
| #define HAVE_MALLOC_H 1
| #define HAVE_SYS_TIME_H 1
| /* end confdefs.h.  */
| #include <stdio.h>
| #ifdef HAVE_SYS_TYPES_H
| # include <sys/types.h>
| #endif
| #ifdef HAVE_SYS_STAT_H
| # include <sys/stat.h>
| #endif
| #ifdef STDC_HEADERS
| # include <stdlib.h>
| # include <stddef.h>
| #else
| # ifdef HAVE_STDLIB_H
| #  include <stdlib.h>
| # endif
| #endif
| #ifdef HAVE_STRING_H
| # if !defined STDC_HEADERS && defined HAVE_MEMORY_H
| #  include <memory.h>
| # endif
| # include <string.h>
| #endif
| #ifdef HAVE_STRINGS_H
| # include <strings.h>
| #endif
| #ifdef HAVE_INTTYPES_H
| # include <inttypes.h>
| #endif
| #ifdef HAVE_STDINT_H
| # include <stdint.h>
| #endif
| #ifdef HAVE_UNISTD_H
| # include <unistd.h>
| #endif
| int
| main ()
| {
| if (sizeof ((size_t)))
| 	  return 0;
|   ;
|   return 0;
| }
configure:20880: result: yes
configure:20892: checking for inline
configure:20918: gcc -c -g -O2  conftest.c >&5
configure:20925: $? = 0
configure:20943: result: inline
configure:21095: creating ./config.status

## ---------------------- ##
## Running config.status. ##
## ---------------------- ##

This file was extended by RNGSTREAMS config.status 1.0.1, which was
generated by GNU Autoconf 2.63.  Invocation command line was

  CONFIG_FILES    = 
  CONFIG_HEADERS  = 
  CONFIG_LINKS    = 
  CONFIG_COMMANDS = 
  $ ./config.status 

on marcle-VirtualBox

config.status:806: creating Makefile
config.status:806: creating src/Makefile
config.status:806: creating doc/Makefile
config.status:806: creating tests/Makefile
config.status:806: creating examples/Makefile
config.status:806: creating config.h
config.status:1080: executing depfiles commands

## ---------------- ##
## Cache variables. ##
## ---------------- ##

ac_cv_build=x86_64-unknown-linux-gnu
ac_cv_c_compiler_gnu=yes
ac_cv_c_const=yes
ac_cv_c_inline=inline
ac_cv_cxx_compiler_gnu=yes
ac_cv_env_CCC_set=
ac_cv_env_CCC_value=
ac_cv_env_CC_set=
ac_cv_env_CC_value=
ac_cv_env_CFLAGS_set=
ac_cv_env_CFLAGS_value=
ac_cv_env_CPPFLAGS_set=
ac_cv_env_CPPFLAGS_value=
ac_cv_env_CPP_set=
ac_cv_env_CPP_value=
ac_cv_env_CXXCPP_set=
ac_cv_env_CXXCPP_value=
ac_cv_env_CXXFLAGS_set=
ac_cv_env_CXXFLAGS_value=
ac_cv_env_CXX_set=
ac_cv_env_CXX_value=
ac_cv_env_F77_set=
ac_cv_env_F77_value=
ac_cv_env_FFLAGS_set=
ac_cv_env_FFLAGS_value=
ac_cv_env_LDFLAGS_set=
ac_cv_env_LDFLAGS_value=
ac_cv_env_LIBS_set=
ac_cv_env_LIBS_value=
ac_cv_env_build_alias_set=
ac_cv_env_build_alias_value=
ac_cv_env_host_alias_set=
ac_cv_env_host_alias_value=
ac_cv_env_target_alias_set=
ac_cv_env_target_alias_value=
ac_cv_f77_compiler_gnu=yes
ac_cv_header_dlfcn_h=yes
ac_cv_header_inttypes_h=yes
ac_cv_header_limits_h=yes
ac_cv_header_malloc_h=yes
ac_cv_header_memory_h=yes
ac_cv_header_stdc=yes
ac_cv_header_stdint_h=yes
ac_cv_header_stdlib_h=yes
ac_cv_header_string_h=yes
ac_cv_header_strings_h=yes
ac_cv_header_sys_stat_h=yes
ac_cv_header_sys_time_h=yes
ac_cv_header_sys_types_h=yes
ac_cv_header_unistd_h=yes
ac_cv_host=x86_64-unknown-linux-gnu
ac_cv_objext=o
ac_cv_path_EGREP='/bin/grep -E'
ac_cv_path_GREP=/bin/grep
ac_cv_path_install='/usr/bin/install -c'
ac_cv_path_mkdir=/bin/mkdir
ac_cv_prog_AWK=mawk
ac_cv_prog_CPP='gcc -E'
ac_cv_prog_CXXCPP='g++ -E'
ac_cv_prog_ac_ct_AR=ar
ac_cv_prog_ac_ct_CC=gcc
ac_cv_prog_ac_ct_CXX=g++
ac_cv_prog_ac_ct_F77=gfortran
ac_cv_prog_ac_ct_RANLIB=ranlib
ac_cv_prog_ac_ct_STRIP=strip
ac_cv_prog_cc_c89=
ac_cv_prog_cc_g=yes
ac_cv_prog_cxx_g=yes
ac_cv_prog_f77_g=yes
ac_cv_prog_make_make_set=yes
ac_cv_type_size_t=yes
am_cv_CC_dependencies_compiler_type=gcc3
am_cv_CXX_dependencies_compiler_type=gcc3
lt_cv_deplibs_check_method=pass_all
lt_cv_file_magic_cmd='$MAGIC_CMD'
lt_cv_file_magic_test_file=
lt_cv_ld_reload_flag=-r
lt_cv_objdir=.libs
lt_cv_path_LD=/usr/bin/ld
lt_cv_path_LDCXX='/usr/bin/ld -m elf_x86_64'
lt_cv_path_NM='/usr/bin/nm -B'
lt_cv_path_SED=/bin/sed
lt_cv_prog_compiler_c_o=yes
lt_cv_prog_compiler_c_o_CXX=yes
lt_cv_prog_compiler_c_o_F77=yes
lt_cv_prog_compiler_pic_works=yes
lt_cv_prog_compiler_pic_works_CXX=yes
lt_cv_prog_compiler_pic_works_F77=yes
lt_cv_prog_compiler_rtti_exceptions=no
lt_cv_prog_compiler_static_works=yes
lt_cv_prog_compiler_static_works_CXX=yes
lt_cv_prog_compiler_static_works_F77=yes
lt_cv_prog_gnu_ld=yes
lt_cv_prog_gnu_ldcxx=yes
lt_cv_sys_global_symbol_pipe='sed -n -e '\''s/^.*[ 	]\([ABCDGIRSTW][ABCDGIRSTW]*\)[ 	][ 	]*\([_A-Za-z][_A-Za-z0-9]*\)$/\1 \2 \2/p'\'''
lt_cv_sys_global_symbol_to_c_name_address='sed -n -e '\''s/^: \([^ ]*\) $/  {\"\1\", (lt_ptr) 0},/p'\'' -e '\''s/^[BCDEGRST] \([^ ]*\) \([^ ]*\)$/  {"\2", (lt_ptr) \&\2},/p'\'''
lt_cv_sys_global_symbol_to_cdecl='sed -n -e '\''s/^. .* \(.*\)$/extern int \1;/p'\'''
lt_cv_sys_lib_dlsearch_path_spec='/lib /usr/lib /lib32 /usr/lib32 /usr/lib/i386-linux-gnu/mesa /lib/i386-linux-gnu /usr/lib/i386-linux-gnu /lib/i686-linux-gnu /usr/lib/i686-linux-gnu /usr/local/lib /lib/x86_64-linux-gnu /usr/lib/x86_64-linux-gnu /usr/lib/x86_64-linux-gnu/mesa '
lt_cv_sys_lib_search_path_spec='/usr/lib/gcc/x86_64-linux-gnu/4.6.1 /usr/lib/x86_64-linux-gnu /usr/lib /lib/x86_64-linux-gnu /lib'
lt_cv_sys_max_cmd_len=1635000
lt_lt_cv_prog_compiler_c_o='"yes"'
lt_lt_cv_prog_compiler_c_o_CXX='"yes"'
lt_lt_cv_prog_compiler_c_o_F77='"yes"'
lt_lt_cv_sys_global_symbol_pipe='"sed -n -e '\''s/^.*[ 	]\\([ABCDGIRSTW][ABCDGIRSTW]*\\)[ 	][ 	]*\\([_A-Za-z][_A-Za-z0-9]*\\)\$/\\1 \\2 \\2/p'\''"'
lt_lt_cv_sys_global_symbol_to_c_name_address='"sed -n -e '\''s/^: \\([^ ]*\\) \$/  {\\\"\\1\\\", (lt_ptr) 0},/p'\'' -e '\''s/^[BCDEGRST] \\([^ ]*\\) \\([^ ]*\\)\$/  {\"\\2\", (lt_ptr) \\&\\2},/p'\''"'
lt_lt_cv_sys_global_symbol_to_cdecl='"sed -n -e '\''s/^. .* \\(.*\\)\$/extern int \\1;/p'\''"'

## ----------------- ##
## Output variables. ##
## ----------------- ##

ACLOCAL='${SHELL} /home/marcle/src/rngstreams-1.0.1/missing --run aclocal-1.10'
AMDEPBACKSLASH='\'
AMDEP_FALSE='#'
AMDEP_TRUE=''
AMTAR='${SHELL} /home/marcle/src/rngstreams-1.0.1/missing --run tar'
AM_CFLAGS='-Wall'
AR='ar'
AUTOCONF='${SHELL} /home/marcle/src/rngstreams-1.0.1/missing --run autoconf'
AUTOHEADER='${SHELL} /home/marcle/src/rngstreams-1.0.1/missing --run autoheader'
AUTOMAKE='${SHELL} /home/marcle/src/rngstreams-1.0.1/missing --run automake-1.10'
AWK='mawk'
CC='gcc'
CCDEPMODE='depmode=gcc3'
CFLAGS='-g -O2'
CPP='gcc -E'
CPPFLAGS=''
CXX='g++'
CXXCPP='g++ -E'
CXXDEPMODE='depmode=gcc3'
CXXFLAGS='-g -O2'
CYGPATH_W='echo'
DEFS='-DHAVE_CONFIG_H'
DEPDIR='.deps'
DSYMUTIL=''
ECHO='echo'
ECHO_C=''
ECHO_N='-n'
ECHO_T=''
EGREP='/bin/grep -E'
EXEEXT=''
F77='gfortran'
FFLAGS='-g -O2'
GREP='/bin/grep'
INSTALL_DATA='${INSTALL} -m 644'
INSTALL_PROGRAM='${INSTALL}'
INSTALL_SCRIPT='${INSTALL}'
INSTALL_STRIP_PROGRAM='$(install_sh) -c -s'
LDFLAGS=''
LIBOBJS=''
LIBS=''
LIBTOOL='$(SHELL) $(top_builddir)/libtool'
LN_S='ln -s'
LTLIBOBJS=''
MAKEINFO='${SHELL} /home/marcle/src/rngstreams-1.0.1/missing --run makeinfo'
MKDIR_P='/bin/mkdir -p'
NMEDIT=''
OBJEXT='o'
PACKAGE='rngstreams'
PACKAGE_BUGREPORT='unuran@statistik.wu-wien.ac.at'
PACKAGE_NAME='RNGSTREAMS'
PACKAGE_STRING='RNGSTREAMS 1.0.1'
PACKAGE_TARNAME='rngstreams'
PACKAGE_VERSION='1.0.1'
PATH_SEPARATOR=':'
RANLIB='ranlib'
RNGSTREAMS_LT_VERSION='0:0:0'
SED='/bin/sed'
SET_MAKE=''
SHELL='/bin/bash'
STRIP='strip'
VERSION='1.0.1'
ac_ct_CC='gcc'
ac_ct_CXX='g++'
ac_ct_F77='gfortran'
am__fastdepCC_FALSE='#'
am__fastdepCC_TRUE=''
am__fastdepCXX_FALSE='#'
am__fastdepCXX_TRUE=''
am__include='include'
am__isrc=''
am__leading_dot='.'
am__quote=''
am__tar='${AMTAR} chof - "$$tardir"'
am__untar='${AMTAR} xf -'
bindir='${exec_prefix}/bin'
build='x86_64-unknown-linux-gnu'
build_alias=''
build_cpu='x86_64'
build_os='linux-gnu'
build_vendor='unknown'
datadir='${datarootdir}'
datarootdir='${prefix}/share'
docdir='${datarootdir}/doc/${PACKAGE_TARNAME}'
dvidir='${docdir}'
exec_prefix='${prefix}'
host='x86_64-unknown-linux-gnu'
host_alias=''
host_cpu='x86_64'
host_os='linux-gnu'
host_vendor='unknown'
htmldir='${docdir}'
includedir='${prefix}/include'
infodir='${datarootdir}/info'
install_sh='$(SHELL) /home/marcle/src/rngstreams-1.0.1/install-sh'
libdir='${exec_prefix}/lib'
libexecdir='${exec_prefix}/libexec'
localedir='${datarootdir}/locale'
localstatedir='${prefix}/var'
mandir='${datarootdir}/man'
mkdir_p='/bin/mkdir -p'
oldincludedir='/usr/include'
pdfdir='${docdir}'
prefix='/usr/local'
program_transform_name='s,x,x,'
psdir='${docdir}'
sbindir='${exec_prefix}/sbin'
sharedstatedir='${prefix}/com'
sysconfdir='${prefix}/etc'
target_alias=''

## ----------- ##
## confdefs.h. ##
## ----------- ##

#define PACKAGE_NAME "RNGSTREAMS"
#define PACKAGE_TARNAME "rngstreams"
#define PACKAGE_VERSION "1.0.1"
#define PACKAGE_STRING "RNGSTREAMS 1.0.1"
#define PACKAGE_BUGREPORT "unuran@statistik.wu-wien.ac.at"
#define PACKAGE "rngstreams"
#define VERSION "1.0.1"
#define STDC_HEADERS 1
#define HAVE_SYS_TYPES_H 1
#define HAVE_SYS_STAT_H 1
#define HAVE_STDLIB_H 1
#define HAVE_STRING_H 1
#define HAVE_MEMORY_H 1
#define HAVE_STRINGS_H 1
#define HAVE_INTTYPES_H 1
#define HAVE_STDINT_H 1
#define HAVE_UNISTD_H 1
#define HAVE_DLFCN_H 1
#define STDC_HEADERS 1
#define HAVE_LIMITS_H 1
#define HAVE_MALLOC_H 1
#define HAVE_SYS_TIME_H 1

configure: exit 0
