	1 slaves are spawned successfully. 0 failed.
Running with 1 workers
Number of cores:8
   user  system elapsed		
 95.378   0.183  95.580 
FHCRC prostate cancer model with 10000000 individual(s) under scenario 'noScreening'.
	2 slaves are spawned successfully. 0 failed.
Running with 2 workers
Number of cores:16
   user  system elapsed 	
 49.565   0.294  49.881 
FHCRC prostate cancer model with 10000000 individual(s) under scenario 'noScreening'.
	3 slaves are spawned successfully. 0 failed.
Running with 3 workers
Number of cores:24
   user  system elapsed 
 35.875   0.470  36.373 
FHCRC prostate cancer model with 10000000 individual(s) under scenario 'noScreening'.
	4 slaves are spawned successfully. 0 failed.
Running with 4 workers
Number of cores:32
   user  system elapsed 
 28.723   0.567  29.335 
FHCRC prostate cancer model with 10000000 individual(s) under scenario 'noScreening'.
	5 slaves are spawned successfully. 0 failed.
Running with 5 workers
Number of cores:40
   user  system elapsed 
 21.434   0.705  23.214 
FHCRC prostate cancer model with 10000000 individual(s) under scenario 'noScreening'.
	6 slaves are spawned successfully. 0 failed.
Running with 6 workers
Number of cores:48
   user  system elapsed 
 19.577   0.859  20.475 
FHCRC prostate cancer model with 10000000 individual(s) under scenario 'noScreening'.
	7 slaves are spawned successfully. 0 failed.
Running with 7 workers
Number of cores:56
   user  system elapsed 
 18.268   0.935  19.242 
FHCRC prostate cancer model with 10000000 individual(s) under scenario 'noScreening'.
	8 slaves are spawned successfully. 0 failed.
Running with 8 workers
Number of cores:64
   user  system elapsed 
 13.805   1.068  17.112 
FHCRC prostate cancer model with 10000000 individual(s) under scenario 'noScreening'.
	9 slaves are spawned successfully. 0 failed.
Running with 9 workers
Number of cores:72
   user  system elapsed 
 16.539   1.150  17.756 
FHCRC prostate cancer model with 10000000 individual(s) under scenario 'noScreening'.
	10 slaves are spawned successfully. 0 failed.
Running with 10 workers
Number of cores:80
   user  system elapsed 
 15.023   0.553  15.627 
FHCRC prostate cancer model with 10000000 individual(s) under scenario 'noScreening'.
	11 slaves are spawned successfully. 0 failed.
Running with 11 workers
Number of cores:88
   user  system elapsed 
 16.957   1.253  18.269 
FHCRC prostate cancer model with 10000000 individual(s) under scenario 'noScreening'.
	12 slaves are spawned successfully. 0 failed.
Running with 12 workers
Number of cores:96
   user  system elapsed 
  9.882   0.677  14.430 
FHCRC prostate cancer model with 10000000 individual(s) under scenario 'noScreening'.
	13 slaves are spawned successfully. 0 failed.
Running with 13 workers
Number of cores:104
   user  system elapsed 
 14.509   1.403  16.169 
FHCRC prostate cancer model with 10000000 individual(s) under scenario 'noScreening'.
	14 slaves are spawned successfully. 0 failed.
Running with 14 workers
Number of cores:112
   user  system elapsed 
 14.975   0.757  15.798 
FHCRC prostate cancer model with 10000000 individual(s) under scenario 'noScreening'.
	15 slaves are spawned successfully. 0 failed.
Running with 15 workers
Number of cores:120
   user  system elapsed 
 14.569   1.734  16.402 
FHCRC prostate cancer model with 10000000 individual(s) under scenario 'noScreening'.
	16 slaves are spawned successfully. 0 failed.
Running with 16 workers
Number of cores:128
   user  system elapsed 
 15.906   1.811  17.819 
FHCRC prostate cancer model with 10000000 individual(s) under scenario 'noScreening'.
